<component name="libraryTable">
  <library name="junit-platform-engine-1.1.0-M1">
    <CLASSES>
      <root url="jar://$PROJECT_DIR$/.idea/lib/junit-platform-engine-1.1.0-M1.jar!/" />
    </CLASSES>
    <JAVADOC />
    <SOURCES />
  </library>
</component>